2018-09-16 18:20:16,843  INFO [TestNG-PoolService-3 15] (:) - [class com.sun.proxy.$Proxy13] : Navigated to the URLhttp://newtours.demoaut.com/
2018-09-16 18:20:16,864  INFO [TestNG-PoolService-3 15] (:) - [class org.openqa.selenium.By$ByName] : Finding the element By.name: userName
2018-09-16 18:20:16,842  INFO [TestNG-PoolService-0 12] (:) - [class com.sun.proxy.$Proxy13] : Navigated to the URLhttp://newtours.demoaut.com/
2018-09-16 18:20:16,843  INFO [TestNG-PoolService-2 14] (:) - [class com.sun.proxy.$Proxy13] : Navigated to the URLhttp://newtours.demoaut.com/
2018-09-16 18:20:16,877  INFO [TestNG-PoolService-2 14] (:) - [class org.openqa.selenium.By$ByName] : Finding the element By.name: userName
2018-09-16 18:20:16,878  INFO [TestNG-PoolService-0 12] (:) - [class org.openqa.selenium.By$ByName] : Finding the element By.name: userName
2018-09-16 18:20:16,833  INFO [TestNG-PoolService-1 13] (:) - [class com.sun.proxy.$Proxy13] : Navigated to the URLhttp://newtours.demoaut.com/
2018-09-16 18:20:16,885  INFO [TestNG-PoolService-1 13] (:) - [class org.openqa.selenium.By$ByName] : Finding the element By.name: userName
2018-09-16 18:20:17,077  INFO [TestNG-PoolService-3 15] (:) - [class org.openqa.selenium.By$ByName] : Found the element By.name: userName
2018-09-16 18:20:17,235  INFO [TestNG-PoolService-2 14] (:) - [class org.openqa.selenium.By$ByName] : Found the element By.name: userName
2018-09-16 18:20:17,260  INFO [TestNG-PoolService-3 15] (:) - [class org.openqa.selenium.By$ByName] : Finding the element By.name: userName
2018-09-16 18:20:17,267  INFO [TestNG-PoolService-0 12] (:) - [class org.openqa.selenium.By$ByName] : Found the element By.name: userName
2018-09-16 18:20:17,270  INFO [TestNG-PoolService-1 13] (:) - [class org.openqa.selenium.By$ByName] : Found the element By.name: userName
2018-09-16 18:20:17,327  INFO [TestNG-PoolService-2 14] (:) - [class org.openqa.selenium.By$ByName] : Finding the element By.name: userName
2018-09-16 18:20:17,352  INFO [TestNG-PoolService-3 15] (:) - [class org.openqa.selenium.By$ByName] : Found the element By.name: userName
2018-09-16 18:20:17,765  INFO [TestNG-PoolService-0 12] (:) - [class org.openqa.selenium.By$ByName] : Finding the element By.name: userName
2018-09-16 18:20:17,769  INFO [TestNG-PoolService-1 13] (:) - [class org.openqa.selenium.By$ByName] : Finding the element By.name: userName
2018-09-16 18:20:17,802  INFO [TestNG-PoolService-2 14] (:) - [class org.openqa.selenium.By$ByName] : Found the element By.name: userName
2018-09-16 18:20:17,873  INFO [TestNG-PoolService-0 12] (:) - [class org.openqa.selenium.By$ByName] : Found the element By.name: userName
2018-09-16 18:20:17,889  INFO [TestNG-PoolService-1 13] (:) - [class org.openqa.selenium.By$ByName] : Found the element By.name: userName
2018-09-16 18:20:18,136  INFO [TestNG-PoolService-3 15] (:) - [class com.sun.proxy.$Proxy32] : Navigated to the URL
2018-09-16 18:20:18,137  INFO [TestNG-PoolService-3 15] (:) - [class org.openqa.selenium.By$ByName] : Finding the element By.name: password
2018-09-16 18:20:18,251  INFO [TestNG-PoolService-2 14] (:) - [class com.sun.proxy.$Proxy32] : Navigated to the URL
2018-09-16 18:20:18,252  INFO [TestNG-PoolService-2 14] (:) - [class org.openqa.selenium.By$ByName] : Finding the element By.name: password
2018-09-16 18:20:18,294  INFO [TestNG-PoolService-3 15] (:) - [class org.openqa.selenium.By$ByName] : Found the element By.name: password
2018-09-16 18:20:18,447  INFO [TestNG-PoolService-1 13] (:) - [class com.sun.proxy.$Proxy32] : Navigated to the URL
2018-09-16 18:20:18,447  INFO [TestNG-PoolService-1 13] (:) - [class org.openqa.selenium.By$ByName] : Finding the element By.name: password
2018-09-16 18:20:18,456  INFO [TestNG-PoolService-0 12] (:) - [class com.sun.proxy.$Proxy32] : Navigated to the URL
2018-09-16 18:20:18,457  INFO [TestNG-PoolService-0 12] (:) - [class org.openqa.selenium.By$ByName] : Finding the element By.name: password
2018-09-16 18:20:18,467  INFO [TestNG-PoolService-2 14] (:) - [class org.openqa.selenium.By$ByName] : Found the element By.name: password
2018-09-16 18:20:18,529  INFO [TestNG-PoolService-1 13] (:) - [class org.openqa.selenium.By$ByName] : Found the element By.name: password
2018-09-16 18:20:18,538  INFO [TestNG-PoolService-0 12] (:) - [class org.openqa.selenium.By$ByName] : Found the element By.name: password
2018-09-16 18:20:18,599  INFO [TestNG-PoolService-3 15] (:) - [class com.sun.proxy.$Proxy32] : Navigated to the URL
2018-09-16 18:20:18,600  INFO [TestNG-PoolService-3 15] (:) - [class org.openqa.selenium.By$ByName] : Finding the element By.name: login
2018-09-16 18:20:18,747  INFO [TestNG-PoolService-0 12] (:) - [class com.sun.proxy.$Proxy32] : Navigated to the URL
2018-09-16 18:20:18,747  INFO [TestNG-PoolService-0 12] (:) - [class org.openqa.selenium.By$ByName] : Finding the element By.name: login
2018-09-16 18:20:18,776  INFO [TestNG-PoolService-3 15] (:) - [class org.openqa.selenium.By$ByName] : Found the element By.name: login
2018-09-16 18:20:18,778  INFO [TestNG-PoolService-3 15] (:) - [class com.sun.proxy.$Proxy32] : Clicking on the element [[ChromeDriver: chrome on XP (ea97984b0a242f7aeef9526bcfd32b40)] -> name: login]
2018-09-16 18:20:18,799  INFO [TestNG-PoolService-2 14] (:) - [class com.sun.proxy.$Proxy32] : Navigated to the URL
2018-09-16 18:20:18,799  INFO [TestNG-PoolService-2 14] (:) - [class org.openqa.selenium.By$ByName] : Finding the element By.name: login
2018-09-16 18:20:18,807  INFO [TestNG-PoolService-0 12] (:) - [class org.openqa.selenium.By$ByName] : Found the element By.name: login
2018-09-16 18:20:18,807  INFO [TestNG-PoolService-0 12] (:) - [class com.sun.proxy.$Proxy32] : Clicking on the element [[ChromeDriver: chrome on XP (91648519977a06e2074c07ba9dfabdf4)] -> name: login]
2018-09-16 18:20:18,822  INFO [TestNG-PoolService-1 13] (:) - [class com.sun.proxy.$Proxy32] : Navigated to the URL
2018-09-16 18:20:18,823  INFO [TestNG-PoolService-1 13] (:) - [class org.openqa.selenium.By$ByName] : Finding the element By.name: login
2018-09-16 18:20:18,861  INFO [TestNG-PoolService-2 14] (:) - [class org.openqa.selenium.By$ByName] : Found the element By.name: login
2018-09-16 18:20:18,862  INFO [TestNG-PoolService-2 14] (:) - [class com.sun.proxy.$Proxy32] : Clicking on the element [[ChromeDriver: chrome on XP (89a6e195c95b25647b9aaf5b1201ebab)] -> name: login]
2018-09-16 18:20:18,963  INFO [TestNG-PoolService-1 13] (:) - [class org.openqa.selenium.By$ByName] : Found the element By.name: login
2018-09-16 18:20:18,967  INFO [TestNG-PoolService-1 13] (:) - [class com.sun.proxy.$Proxy32] : Clicking on the element [[ChromeDriver: chrome on XP (860426b13fd220ac667a82d8e48ebde2)] -> name: login]
2018-09-16 18:20:24,058  INFO [TestNG-PoolService-3 15] (:) - [class com.sun.proxy.$Proxy32] : Clicked on the element [[ChromeDriver: chrome on XP (ea97984b0a242f7aeef9526bcfd32b40)] -> name: login]
2018-09-16 18:20:24,351  INFO [TestNG-PoolService-2 14] (:) - [class com.sun.proxy.$Proxy32] : Clicked on the element [[ChromeDriver: chrome on XP (89a6e195c95b25647b9aaf5b1201ebab)] -> name: login]
2018-09-16 18:20:24,534  INFO [TestNG-PoolService-0 12] (:) - [class com.sun.proxy.$Proxy32] : Clicked on the element [[ChromeDriver: chrome on XP (91648519977a06e2074c07ba9dfabdf4)] -> name: login]
2018-09-16 18:20:24,553  INFO [TestNG-PoolService-1 13] (:) - [class com.sun.proxy.$Proxy32] : Clicked on the element [[ChromeDriver: chrome on XP (860426b13fd220ac667a82d8e48ebde2)] -> name: login]
2018-09-16 18:20:31,977  INFO [main 1] (:) - [class com.sun.proxy.$Proxy13] : Navigated to the URLhttp://newtours.demoaut.com/
2018-09-16 18:20:31,978  INFO [main 1] (:) - [class org.openqa.selenium.By$ByXPath] : Finding the element By.xpath: //a[text()='REGISTERa']
2018-09-16 18:20:32,028 FATAL [main 1] (:) - [class org.openqa.selenium.chrome.ChromeDriver] : Exception Thrown
org.openqa.selenium.NoSuchElementException: no such element: Unable to locate element: {"method":"xpath","selector":"//a[text()='REGISTERa']"}
  (Session info: chrome=68.0.3440.106)
  (Driver info: chromedriver=2.41.578737 (49da6702b16031c40d63e5618de03a32ff6c197e),platform=Windows NT 10.0.17134 x86_64) (WARNING: The server did not provide any stacktrace information)
Command duration or timeout: 0 milliseconds
For documentation on this error, please visit: http://seleniumhq.org/exceptions/no_such_element.html
Build info: version: '3.14.0', revision: 'aacccce0', time: '2018-08-02T20:19:58.91Z'
System info: host: 'DESKTOP-FUO0VJD', ip: '192.168.43.24', os.name: 'Windows 10', os.arch: 'amd64', os.version: '10.0', java.version: '10.0.1'
Driver info: org.openqa.selenium.chrome.ChromeDriver
Capabilities {acceptInsecureCerts: true, acceptSslCerts: true, applicationCacheEnabled: false, browserConnectionEnabled: false, browserName: chrome, chrome: {chromedriverVersion: 2.41.578737 (49da6702b16031..., userDataDir: C:\Users\mohdn\AppData\Loca...}, cssSelectorsEnabled: true, databaseEnabled: false, goog:chromeOptions: {debuggerAddress: localhost:62070}, handlesAlerts: true, hasTouchScreen: false, javascriptEnabled: true, locationContextEnabled: true, mobileEmulationEnabled: false, nativeEvents: true, networkConnectionEnabled: false, pageLoadStrategy: normal, platform: XP, platformName: XP, rotatable: false, setWindowRect: true, takesHeapSnapshot: true, takesScreenshot: true, unexpectedAlertBehaviour: , unhandledPromptBehavior: , version: 68.0.3440.106, webStorageEnabled: true}
Session ID: a281a11a4973a8f34f0b6846282036ea
*** Element info: {Using=xpath, value=//a[text()='REGISTERa']}
	at jdk.internal.reflect.NativeConstructorAccessorImpl.newInstance0(Native Method) ~[?:?]
	at jdk.internal.reflect.NativeConstructorAccessorImpl.newInstance(NativeConstructorAccessorImpl.java:62) ~[?:?]
	at jdk.internal.reflect.DelegatingConstructorAccessorImpl.newInstance(DelegatingConstructorAccessorImpl.java:45) ~[?:?]
	at java.lang.reflect.Constructor.newInstance(Constructor.java:488) ~[?:?]
	at org.openqa.selenium.remote.ErrorHandler.createThrowable(ErrorHandler.java:214) ~[selenium-remote-driver-3.14.0.jar:?]
	at org.openqa.selenium.remote.ErrorHandler.throwIfResponseFailed(ErrorHandler.java:166) ~[selenium-remote-driver-3.14.0.jar:?]
	at org.openqa.selenium.remote.http.JsonHttpResponseCodec.reconstructValue(JsonHttpResponseCodec.java:40) ~[selenium-remote-driver-3.14.0.jar:?]
	at org.openqa.selenium.remote.http.AbstractHttpResponseCodec.decode(AbstractHttpResponseCodec.java:80) ~[selenium-remote-driver-3.14.0.jar:?]
	at org.openqa.selenium.remote.http.AbstractHttpResponseCodec.decode(AbstractHttpResponseCodec.java:44) ~[selenium-remote-driver-3.14.0.jar:?]
	at org.openqa.selenium.remote.HttpCommandExecutor.execute(HttpCommandExecutor.java:158) ~[selenium-remote-driver-3.14.0.jar:?]
	at org.openqa.selenium.remote.service.DriverCommandExecutor.execute(DriverCommandExecutor.java:83) ~[selenium-remote-driver-3.14.0.jar:?]
	at org.openqa.selenium.remote.RemoteWebDriver.execute(RemoteWebDriver.java:548) ~[selenium-remote-driver-3.14.0.jar:?]
	at org.openqa.selenium.remote.RemoteWebDriver.findElement(RemoteWebDriver.java:322) ~[selenium-remote-driver-3.14.0.jar:?]
	at org.openqa.selenium.remote.RemoteWebDriver.findElementByXPath(RemoteWebDriver.java:424) ~[selenium-remote-driver-3.14.0.jar:?]
	at org.openqa.selenium.By$ByXPath.findElement(By.java:353) ~[selenium-api-3.14.0.jar:?]
	at org.openqa.selenium.remote.RemoteWebDriver.findElement(RemoteWebDriver.java:314) ~[selenium-remote-driver-3.14.0.jar:?]
	at jdk.internal.reflect.GeneratedMethodAccessor3.invoke(Unknown Source) ~[?:?]
	at jdk.internal.reflect.DelegatingMethodAccessorImpl.invoke(DelegatingMethodAccessorImpl.java:43) ~[?:?]
	at java.lang.reflect.Method.invoke(Method.java:564) ~[?:?]
	at org.openqa.selenium.support.events.EventFiringWebDriver.lambda$new$1(EventFiringWebDriver.java:105) [selenium-support-3.14.0.jar:?]
	at com.sun.proxy.$Proxy13.findElement(Unknown Source) [?:?]
	at org.openqa.selenium.support.events.EventFiringWebDriver.findElement(EventFiringWebDriver.java:194) [selenium-support-3.14.0.jar:?]
	at org.openqa.selenium.support.pagefactory.DefaultElementLocator.findElement(DefaultElementLocator.java:69) [selenium-support-3.14.0.jar:?]
	at org.openqa.selenium.support.pagefactory.internal.LocatingElementHandler.invoke(LocatingElementHandler.java:38) [selenium-support-3.14.0.jar:?]
	at com.sun.proxy.$Proxy17.click(Unknown Source) [?:?]
	at pages.HomePage.clickRegister(HomePage.java:66) [classes/:?]
	at testcases.RegisterTest.testNewRegistrationThenLogin(RegisterTest.java:17) [classes/:?]
	at jdk.internal.reflect.NativeMethodAccessorImpl.invoke0(Native Method) ~[?:?]
	at jdk.internal.reflect.NativeMethodAccessorImpl.invoke(NativeMethodAccessorImpl.java:62) ~[?:?]
	at jdk.internal.reflect.DelegatingMethodAccessorImpl.invoke(DelegatingMethodAccessorImpl.java:43) ~[?:?]
	at java.lang.reflect.Method.invoke(Method.java:564) ~[?:?]
	at org.testng.internal.MethodInvocationHelper.invokeMethod(MethodInvocationHelper.java:124) [testng-6.14.3.jar:?]
	at org.testng.internal.Invoker.invokeMethod(Invoker.java:583) [testng-6.14.3.jar:?]
	at org.testng.internal.Invoker.invokeTestMethod(Invoker.java:719) [testng-6.14.3.jar:?]
	at org.testng.internal.Invoker.invokeTestMethods(Invoker.java:989) [testng-6.14.3.jar:?]
	at org.testng.internal.TestMethodWorker.invokeTestMethods(TestMethodWorker.java:125) [testng-6.14.3.jar:?]
	at org.testng.internal.TestMethodWorker.run(TestMethodWorker.java:109) [testng-6.14.3.jar:?]
	at org.testng.TestRunner.privateRun(TestRunner.java:648) [testng-6.14.3.jar:?]
	at org.testng.TestRunner.run(TestRunner.java:505) [testng-6.14.3.jar:?]
	at org.testng.SuiteRunner.runTest(SuiteRunner.java:455) [testng-6.14.3.jar:?]
	at org.testng.SuiteRunner.runSequentially(SuiteRunner.java:450) [testng-6.14.3.jar:?]
	at org.testng.SuiteRunner.privateRun(SuiteRunner.java:415) [testng-6.14.3.jar:?]
	at org.testng.SuiteRunner.run(SuiteRunner.java:364) [testng-6.14.3.jar:?]
	at org.testng.SuiteRunnerWorker.runSuite(SuiteRunnerWorker.java:52) [testng-6.14.3.jar:?]
	at org.testng.SuiteRunnerWorker.run(SuiteRunnerWorker.java:84) [testng-6.14.3.jar:?]
	at org.testng.TestNG.runSuitesSequentially(TestNG.java:1208) [testng-6.14.3.jar:?]
	at org.testng.TestNG.runSuitesLocally(TestNG.java:1137) [testng-6.14.3.jar:?]
	at org.testng.TestNG.runSuites(TestNG.java:1049) [testng-6.14.3.jar:?]
	at org.testng.TestNG.run(TestNG.java:1017) [testng-6.14.3.jar:?]
	at org.testng.remote.AbstractRemoteTestNG.run(AbstractRemoteTestNG.java:114) [testng-remote.jar:?]
	at org.testng.remote.RemoteTestNG.initAndRun(RemoteTestNG.java:251) [testng-remote.jar:?]
	at org.testng.remote.RemoteTestNG.main(RemoteTestNG.java:77) [testng-remote.jar:?]
